
Cadence Innovus(TM) Implementation System.
Copyright 2017 Cadence Design Systems, Inc. All rights reserved worldwide.

Version:	v17.11-s080_1, built Fri Aug 4 11:13:11 PDT 2017
Options:	
Date:		Thu Nov 19 00:52:12 2020
Host:		localhost.localdomain (x86_64 w/Linux 3.10.0-957.5.1.el7.x86_64) (1core*2cpus*Westmere E56xx/L56xx/X56xx (Nehalem-C) 4096KB)
OS:		CentOS Linux release 7.6.1810 (Core) 

License:
		invs	Innovus Implementation System	17.1	checkout succeeded
		8 CPU jobs allowed with the current license(s). Use setMultiCpuUsage to set your required CPU count.
Change the soft stacksize limit to 0.2%RAM (31 mbytes). Set global soft_stack_size_limit to change the value.

**INFO:  MMMC transition support version v31-84 

<CMD> set_global _enable_mmmc_by_default_flow      $CTE::mmmc_default
<CMD> suppressMessage ENCEXT-2799
<CMD> getDrawView
<CMD> loadWorkspace -name Physical
<CMD> win
<CMD> encMessage warning 0
Suppress "**WARN ..." messages.
<CMD> encMessage debug 0
<CMD> encMessage info 0
**WARN: (GLOBAL-100):	Global 'timing_enable_default_delay_arc' has become obsolete. It will be removed in the next release.
my_rc
Loading view definition file from /home/isa16/lab1/isa16_lab1/advanced_architecture/innovus/IIR_FILTER_ADV.enc.dat/viewDefinition.tcl
**WARN: (TECHLIB-436):	Attribute 'max_fanout' on 'output/inout' pin 'ZN' of cell 'AND2_X1' is not defined in the library. (File /software/dk/nangate45/liberty/NangateOpenCellLibrary_typical_ecsm_nowlm.lib)
**WARN: (TECHLIB-436):	Attribute 'max_fanout' on 'output/inout' pin 'ZN' of cell 'AND2_X2' is not defined in the library. (File /software/dk/nangate45/liberty/NangateOpenCellLibrary_typical_ecsm_nowlm.lib)
**WARN: (TECHLIB-436):	Attribute 'max_fanout' on 'output/inout' pin 'ZN' of cell 'AND2_X4' is not defined in the library. (File /software/dk/nangate45/liberty/NangateOpenCellLibrary_typical_ecsm_nowlm.lib)
**WARN: (TECHLIB-436):	Attribute 'max_fanout' on 'output/inout' pin 'ZN' of cell 'AND3_X1' is not defined in the library. (File /software/dk/nangate45/liberty/NangateOpenCellLibrary_typical_ecsm_nowlm.lib)
**WARN: (TECHLIB-436):	Attribute 'max_fanout' on 'output/inout' pin 'ZN' of cell 'AND3_X2' is not defined in the library. (File /software/dk/nangate45/liberty/NangateOpenCellLibrary_typical_ecsm_nowlm.lib)
**WARN: (TECHLIB-436):	Attribute 'max_fanout' on 'output/inout' pin 'ZN' of cell 'AND3_X4' is not defined in the library. (File /software/dk/nangate45/liberty/NangateOpenCellLibrary_typical_ecsm_nowlm.lib)
**WARN: (TECHLIB-436):	Attribute 'max_fanout' on 'output/inout' pin 'ZN' of cell 'AND4_X1' is not defined in the library. (File /software/dk/nangate45/liberty/NangateOpenCellLibrary_typical_ecsm_nowlm.lib)
**WARN: (TECHLIB-436):	Attribute 'max_fanout' on 'output/inout' pin 'ZN' of cell 'AND4_X2' is not defined in the library. (File /software/dk/nangate45/liberty/NangateOpenCellLibrary_typical_ecsm_nowlm.lib)
**WARN: (TECHLIB-436):	Attribute 'max_fanout' on 'output/inout' pin 'ZN' of cell 'AND4_X4' is not defined in the library. (File /software/dk/nangate45/liberty/NangateOpenCellLibrary_typical_ecsm_nowlm.lib)
**WARN: (TECHLIB-436):	Attribute 'max_fanout' on 'output/inout' pin 'ZN' of cell 'AOI21_X1' is not defined in the library. (File /software/dk/nangate45/liberty/NangateOpenCellLibrary_typical_ecsm_nowlm.lib)
**WARN: (TECHLIB-436):	Attribute 'max_fanout' on 'output/inout' pin 'ZN' of cell 'AOI21_X2' is not defined in the library. (File /software/dk/nangate45/liberty/NangateOpenCellLibrary_typical_ecsm_nowlm.lib)
**WARN: (TECHLIB-436):	Attribute 'max_fanout' on 'output/inout' pin 'ZN' of cell 'AOI21_X4' is not defined in the library. (File /software/dk/nangate45/liberty/NangateOpenCellLibrary_typical_ecsm_nowlm.lib)
**WARN: (TECHLIB-436):	Attribute 'max_fanout' on 'output/inout' pin 'ZN' of cell 'AOI22_X1' is not defined in the library. (File /software/dk/nangate45/liberty/NangateOpenCellLibrary_typical_ecsm_nowlm.lib)
**WARN: (TECHLIB-436):	Attribute 'max_fanout' on 'output/inout' pin 'ZN' of cell 'AOI22_X2' is not defined in the library. (File /software/dk/nangate45/liberty/NangateOpenCellLibrary_typical_ecsm_nowlm.lib)
**WARN: (TECHLIB-436):	Attribute 'max_fanout' on 'output/inout' pin 'ZN' of cell 'AOI22_X4' is not defined in the library. (File /software/dk/nangate45/liberty/NangateOpenCellLibrary_typical_ecsm_nowlm.lib)
**WARN: (TECHLIB-436):	Attribute 'max_fanout' on 'output/inout' pin 'ZN' of cell 'AOI211_X1' is not defined in the library. (File /software/dk/nangate45/liberty/NangateOpenCellLibrary_typical_ecsm_nowlm.lib)
**WARN: (TECHLIB-436):	Attribute 'max_fanout' on 'output/inout' pin 'ZN' of cell 'AOI211_X2' is not defined in the library. (File /software/dk/nangate45/liberty/NangateOpenCellLibrary_typical_ecsm_nowlm.lib)
**WARN: (TECHLIB-436):	Attribute 'max_fanout' on 'output/inout' pin 'ZN' of cell 'AOI211_X4' is not defined in the library. (File /software/dk/nangate45/liberty/NangateOpenCellLibrary_typical_ecsm_nowlm.lib)
**WARN: (TECHLIB-436):	Attribute 'max_fanout' on 'output/inout' pin 'ZN' of cell 'AOI221_X1' is not defined in the library. (File /software/dk/nangate45/liberty/NangateOpenCellLibrary_typical_ecsm_nowlm.lib)
**WARN: (TECHLIB-436):	Attribute 'max_fanout' on 'output/inout' pin 'ZN' of cell 'AOI221_X2' is not defined in the library. (File /software/dk/nangate45/liberty/NangateOpenCellLibrary_typical_ecsm_nowlm.lib)
*** End library_loading (cpu=0.04min, real=0.27min, mem=18.3M, fe_cpu=0.47min, fe_real=4.10min, fe_mem=527.7M) ***
*** Netlist is unique.
Loading preference file /home/isa16/lab1/isa16_lab1/advanced_architecture/innovus/IIR_FILTER_ADV.enc.dat/gui.pref.tcl ...
**WARN: (IMPTCM-77):	Option "-drouteStartIteration" for command setNanoRouteMode is obsolete and will be removed in a future release. The obsolete option still works in this release but to avoid this warning and to ensure compatibility with future releases, remove the obsolete option from your script.
**WARN: (GLOBAL-100):	Global 'timing_enable_default_delay_arc' has become obsolete. It will be removed in the next release.
'set_default_switching_activity' finished successfully.
my_rc
<CMD> reset_parasitics
Performing RC Extraction ...
<CMD> extractRC
Extraction called for design 'IIR_FILTER_ADV' of instances=6622 and nets=2817 using extraction engine 'postRoute' at effort level 'low' .
**WARN: (IMPEXT-3530):	The process node is not set. Use the command setDesignMode -process <process node> prior to extraction for maximum accuracy and optimal automatic threshold setting.
Type 'man IMPEXT-3530' for more detail.
PostRoute (effortLevel low) RC Extraction called for design IIR_FILTER_ADV.
RC Extraction called in multi-corner(1) mode.
Process corner(s) are loaded.
 Corner: my_rc
extractDetailRC Option : -outfile /tmp/innovus_temp_6637_localhost.localdomain_isa16_xF4JDR/IIR_FILTER_ADV_6637_5UEy2F.rcdb.d  -extended
RC Mode: PostRoute -effortLevel low [Extended CapTable, RC Table Resistances]
      RC Corner Indexes            0   
Capacitance Scaling Factor   : 1.00000 
Coupling Cap. Scaling Factor : 1.00000 
Resistance Scaling Factor    : 1.00000 
Clock Cap. Scaling Factor    : 1.00000 
Clock Res. Scaling Factor    : 1.00000 
Shrink Factor                : 1.00000
Initializing multi-corner capacitance tables ... 
Initializing multi-corner resistance tables ...
Checking LVS Completed (CPU Time= 0:00:00.0  MEM= 901.8M)
Extracted 10.0076% (CPU Time= 0:00:00.1  MEM= 955.6M)
Extracted 20.0062% (CPU Time= 0:00:00.1  MEM= 955.6M)
Extracted 30.0049% (CPU Time= 0:00:00.1  MEM= 955.6M)
Extracted 40.008% (CPU Time= 0:00:00.1  MEM= 955.6M)
Extracted 50.0067% (CPU Time= 0:00:00.2  MEM= 955.6M)
Extracted 60.0053% (CPU Time= 0:00:00.2  MEM= 955.6M)
Extracted 70.0085% (CPU Time= 0:00:00.2  MEM= 955.6M)
Extracted 80.0071% (CPU Time= 0:00:00.3  MEM= 955.6M)
Extracted 90.0058% (CPU Time= 0:00:00.3  MEM= 955.6M)
Extracted 100% (CPU Time= 0:00:00.4  MEM= 955.6M)
Number of Extracted Resistors     : 35977
Number of Extracted Ground Cap.   : 38506
Number of Extracted Coupling Cap. : 50544
Filtering XCap in 'relativeOnly' mode using values relative_c_threshold=0.03 and total_c_threshold=5fF.
 Corner: my_rc
Checking LVS Completed (CPU Time= 0:00:00.0  MEM= 939.5M)
PostRoute (effortLevel low) RC Extraction DONE (CPU Time: 0:00:00.6  Real Time: 0:00:06.0  MEM: 943.547M)
<CMD> rcOut -setload IIR_FILTER_ADV.setload -rc_corner my_rc
RC Out has the following PVT Info:
   RC:my_rc, Operating temperature 25 C
RC Out from RCDB Completed (CPU Time= 0:00:00.0  MEM= 943.6M)
<CMD> rcOut -setres IIR_FILTER_ADV.setres -rc_corner my_rc
RC Out has the following PVT Info:
   RC:my_rc, Operating temperature 25 C
RC Out from RCDB Completed (CPU Time= 0:00:00.0  MEM= 943.6M)
<CMD> rcOut -spf IIR_FILTER_ADV.spf -rc_corner my_rc
RC Out has the following PVT Info:
   RC:my_rc, Operating temperature 25 C
Printing *|NET...
RC Out from RCDB Completed (CPU Time= 0:00:00.4  MEM= 943.6M)
<CMD> rcOut -spef IIR_FILTER_ADV.spef -rc_corner my_rc
RC Out has the following PVT Info:
   RC:my_rc, Operating temperature 25 C
Dumping Spef file.....
Printing D_NET...
RC Out from RCDB Completed (CPU Time= 0:00:00.2  MEM= 943.6M)
<CMD> set_power_analysis_mode -reset
<CMD> set_power_analysis_mode -method static -corner max -create_binary_db true -write_static_currents true -honor_negative_energy true -ignore_control_signals true
<CMD> set_power_output_dir -reset
<CMD> set_power_output_dir ./
<CMD> set_default_switching_activity -reset
<CMD> set_default_switching_activity -input_activity 0.2 -period 10.0
'set_default_switching_activity' finished successfully.
<CMD> read_activity_file -reset
<CMD> read_activity_file -format VCD -scope /tb_iir_adv/UUT -start {} -end {} -block {} ../vcd/IIR_FILTER_ADV_INN.vcd
'read_activity_file' finished successfully.
<CMD> set_power -reset
<CMD> set_powerup_analysis -reset
<CMD> set_dynamic_power_simulation -reset
<CMD> report_power -rail_analysis_format VS -outfile .//IIR_FILTER_ADV.rpt

Power Net Detected:
    Voltage	    Name
    0.00V	    VSS
    1.10V	    VDD
Starting SI iteration 1 using Infinite Timing Windows
#################################################################################
# Design Stage: PostRoute
# Design Name: IIR_FILTER_ADV
# Design Mode: 90nm
# Analysis Mode: MMMC OCV 
# Parasitics Mode: SPEF/RCDB
# Signoff Settings: SI On 
#################################################################################
AAE_INFO: 1 threads acquired from CTE.
Calculate early delays in OCV mode...
Calculate late delays in OCV mode...
Start delay calculation (fullDC) (1 T). (MEM=943.547)
Initializing multi-corner capacitance tables ... 
Initializing multi-corner resistance tables ...
AAE_INFO: 1 threads acquired from CTE.
Total number of fetched objects 2754
AAE_INFO-618: Total number of nets in the design is 2817,  98.2 percent of the nets selected for SI analysis
End delay calculation. (MEM=1190.61 CPU=0:00:02.3 REAL=0:00:20.0)
End delay calculation (fullDC). (MEM=1093.24 CPU=0:00:02.9 REAL=0:00:26.0)
Loading CTE timing window with TwFlowType 0...(CPU = 0:00:00.0, REAL = 0:00:00.0, MEM = 1093.2M)
Add other clocks and setupCteToAAEClockMapping during iter 1
Loading CTE timing window is completed (CPU = 0:00:00.0, REAL = 0:00:00.0, MEM = 1093.2M)
Starting SI iteration 2
Calculate early delays in OCV mode...
Calculate late delays in OCV mode...
Start delay calculation (fullDC) (1 T). (MEM=1101.29)
Glitch Analysis: View MyAnView -- Total Number of Nets Skipped = 0. 
Glitch Analysis: View MyAnView -- Total Number of Nets Analyzed = 2754. 
Total number of fetched objects 2754
AAE_INFO-618: Total number of nets in the design is 2817,  0.0 percent of the nets selected for SI analysis
End delay calculation. (MEM=1069.28 CPU=0:00:00.0 REAL=0:00:00.0)
End delay calculation (fullDC). (MEM=1069.28 CPU=0:00:00.1 REAL=0:00:01.0)

Begin Power Analysis

    0.00V	    VSS
    1.10V	    VDD

Begin Processing Timing Library for Power Calculation

Begin Processing Timing Library for Power Calculation



Begin Processing Power Net/Grid for Power Calculation

Ended Processing Power Net/Grid for Power Calculation: (cpu=0:00:00, real=0:00:00, mem(process/total)=813.79MB/813.79MB)

Begin Processing Timing Window Data for Power Calculation

MY_CLK(198.413MHz) Ended Processing Timing Window Data for Power Calculation: (cpu=0:00:00, real=0:00:00, mem(process/total)=814.71MB/814.71MB)

Parsing VCD file ../vcd/IIR_FILTER_ADV_INN.vcd

Starting Reading VCD variables
2020-Nov-19 00:58:43 (2020-Nov-18 23:58:43 GMT)

Finished Reading VCD variables
2020-Nov-19 00:58:43 (2020-Nov-18 23:58:43 GMT)
   
The vcd command required:
   		0.10 user, 0.05 system, and 1.16 real seconds

   Total number of value changes: 0.

   Total simulation time: 2.18e-06s.

   With this vcd command,  0 value changes and 2.18e-06 second simulation
time were counted for power consumption calculation.

  Filename (activity)                    : ../vcd/IIR_FILTER_ADV_INN.vcd
  Names in file that matched to design   : 0/0
  Annotation coverage for this file      : 0/2749 = 0%


  Total annotation coverage for all files of type VCD: 0/2749 = 0%
  Percent of VCD annotated nets with zero toggles: 0/2749 = 0%

Begin Processing User Attributes

Ended Processing User Attributes: (cpu=0:00:00, real=0:00:00, mem(process/total)=843.64MB/843.64MB)

Begin Processing Signal Activity


Starting Levelizing
2020-Nov-19 00:58:45 (2020-Nov-18 23:58:45 GMT)
2020-Nov-19 00:58:45 (2020-Nov-18 23:58:45 GMT): 10%
2020-Nov-19 00:58:45 (2020-Nov-18 23:58:45 GMT): 20%
2020-Nov-19 00:58:45 (2020-Nov-18 23:58:45 GMT): 30%
2020-Nov-19 00:58:45 (2020-Nov-18 23:58:45 GMT): 40%
2020-Nov-19 00:58:45 (2020-Nov-18 23:58:45 GMT): 50%
2020-Nov-19 00:58:45 (2020-Nov-18 23:58:45 GMT): 60%
2020-Nov-19 00:58:45 (2020-Nov-18 23:58:45 GMT): 70%
2020-Nov-19 00:58:45 (2020-Nov-18 23:58:45 GMT): 80%
2020-Nov-19 00:58:45 (2020-Nov-18 23:58:45 GMT): 90%

Finished Levelizing
2020-Nov-19 00:58:45 (2020-Nov-18 23:58:45 GMT)

Starting Activity Propagation
2020-Nov-19 00:58:45 (2020-Nov-18 23:58:45 GMT)
2020-Nov-19 00:58:46 (2020-Nov-18 23:58:46 GMT): 10%
2020-Nov-19 00:58:46 (2020-Nov-18 23:58:46 GMT): 20%
2020-Nov-19 00:58:46 (2020-Nov-18 23:58:46 GMT): 30%
2020-Nov-19 00:58:47 (2020-Nov-18 23:58:47 GMT): 40%
2020-Nov-19 00:58:47 (2020-Nov-18 23:58:47 GMT): 50%
2020-Nov-19 00:58:47 (2020-Nov-18 23:58:47 GMT): 60%
2020-Nov-19 00:58:47 (2020-Nov-18 23:58:47 GMT): 70%
2020-Nov-19 00:58:47 (2020-Nov-18 23:58:47 GMT): 80%
2020-Nov-19 00:58:48 (2020-Nov-18 23:58:48 GMT): 90%

Finished Activity Propagation
2020-Nov-19 00:58:48 (2020-Nov-18 23:58:48 GMT)

Activity annotation summary:
        Primary Inputs : 1/80 = 1.25%
          Flop outputs : 0/378 = 0%
  Memory/Macro outputs : 0/0 = 0%
      Tristate outputs : 0/0 = 0%
            Total Nets : 1/2749 = 0.0363769%

Ended Processing Signal Activity: (cpu=0:00:00, real=0:00:03, mem(process/total)=843.92MB/843.92MB)

Begin Power Computation

      ----------------------------------------------------------
      # of cell(s) missing both power/leakage table: 0
      # of cell(s) missing power table: 0
      # of cell(s) missing leakage table: 0
      # of MSMV cell(s) missing power_level: 0
      ----------------------------------------------------------



Starting Calculating power
2020-Nov-19 00:58:48 (2020-Nov-18 23:58:48 GMT)
 ... Calculating switching power
2020-Nov-19 00:58:48 (2020-Nov-18 23:58:48 GMT): 10%
2020-Nov-19 00:58:48 (2020-Nov-18 23:58:48 GMT): 20%
2020-Nov-19 00:58:48 (2020-Nov-18 23:58:48 GMT): 30%
2020-Nov-19 00:58:48 (2020-Nov-18 23:58:48 GMT): 40%
2020-Nov-19 00:58:48 (2020-Nov-18 23:58:48 GMT): 50%
 ... Calculating internal and leakage power
2020-Nov-19 00:58:49 (2020-Nov-18 23:58:49 GMT): 60%
2020-Nov-19 00:58:51 (2020-Nov-18 23:58:51 GMT): 70%
2020-Nov-19 00:58:53 (2020-Nov-18 23:58:53 GMT): 80%
2020-Nov-19 00:58:55 (2020-Nov-18 23:58:55 GMT): 90%

Finished Calculating power
2020-Nov-19 00:58:57 (2020-Nov-18 23:58:57 GMT)
Ended Power Computation: (cpu=0:00:00, real=0:00:09, mem(process/total)=844.29MB/844.29MB)

Begin Processing User Attributes

Ended Processing User Attributes: (cpu=0:00:00, real=0:00:00, mem(process/total)=844.29MB/844.29MB)

Ended Power Analysis: (cpu=0:00:01, real=0:00:14, mem(process/total)=844.34MB/844.34MB)

Begin Static Power Report Generation
*



Total Power
-----------------------------------------------------------------------------------------
Total Internal Power:        1.90876454 	   55.2385%
Total Switching Power:       1.45880857 	   42.2170%
Total Leakage Power:         0.08792487 	    2.5445%
Total Power:                 3.45549799
-----------------------------------------------------------------------------------------
Ended Static Power Report Generation: (cpu=0:00:00, real=0:00:00,
mem(process/total)=844.68MB/844.68MB)

Begin Creating Binary Database
Ended Creating Binary Database: (cpu=0:00:00, real=0:00:01,
mem(process/total)=844.70MB/844.70MB)

Output file is .//IIR_FILTER_ADV.rpt.
<CMD> report_power -outfile ../power_report_inn_02fix.txt -sort { total }
Begin Static Power Report Generation
*



Total Power
-----------------------------------------------------------------------------------------
Total Internal Power:        1.90876454 	   55.2385%
Total Switching Power:       1.45880857 	   42.2170%
Total Leakage Power:         0.08792487 	    2.5445%
Total Power:                 3.45549799
-----------------------------------------------------------------------------------------
Ended Static Power Report Generation: (cpu=0:00:00, real=0:00:00,
mem(process/total)=844.88MB/844.88MB)


Output file is ../power_report_inn_02fix.txt.
<CMD> set_power_analysis_mode -reset
<CMD> set_power_analysis_mode -method static -corner max -create_binary_db true -write_static_currents true -honor_negative_energy true -ignore_control_signals true
<CMD> set_power_output_dir -reset
<CMD> set_power_output_dir ./
<CMD> set_default_switching_activity -reset
<CMD> set_default_switching_activity -input_activity 0.2 -period 10.0
'set_default_switching_activity' finished successfully.
<CMD> read_activity_file -reset
<CMD> read_activity_file -format VCD -scope tb_iir_adv/UUT -start {} -end {} -block {} ../vcd/IIR_FILTER_ADV_INN.vcd
'read_activity_file' finished successfully.
<CMD> set_power -reset
<CMD> set_powerup_analysis -reset
<CMD> set_dynamic_power_simulation -reset
<CMD> report_power -rail_analysis_format VS -outfile .//IIR_FILTER_ADV.rpt

Begin Power Analysis

    0.00V	    VSS
    1.10V	    VDD

Begin Processing Timing Library for Power Calculation

Begin Processing Timing Library for Power Calculation



Begin Processing Power Net/Grid for Power Calculation

Ended Processing Power Net/Grid for Power Calculation: (cpu=0:00:00, real=0:00:00, mem(process/total)=844.92MB/844.92MB)

Begin Processing Timing Window Data for Power Calculation

Ended Processing Timing Window Data for Power Calculation: (cpu=0:00:00, real=0:00:00, mem(process/total)=844.92MB/844.92MB)

Parsing VCD file ../vcd/IIR_FILTER_ADV_INN.vcd

Starting Reading VCD variables
2020-Nov-19 00:59:55 (2020-Nov-18 23:59:55 GMT)
2020-Nov-19 00:59:55 (2020-Nov-18 23:59:55 GMT): 10%
2020-Nov-19 00:59:55 (2020-Nov-18 23:59:55 GMT): 20%
2020-Nov-19 00:59:55 (2020-Nov-18 23:59:55 GMT): 30%
2020-Nov-19 00:59:55 (2020-Nov-18 23:59:55 GMT): 40%
2020-Nov-19 00:59:55 (2020-Nov-18 23:59:55 GMT): 50%
2020-Nov-19 00:59:55 (2020-Nov-18 23:59:55 GMT): 60%
2020-Nov-19 00:59:55 (2020-Nov-18 23:59:55 GMT): 70%
2020-Nov-19 00:59:55 (2020-Nov-18 23:59:55 GMT): 80%
2020-Nov-19 00:59:55 (2020-Nov-18 23:59:55 GMT): 90%

Finished Reading VCD variables
2020-Nov-19 00:59:55 (2020-Nov-18 23:59:55 GMT)
   
The vcd command required:
   		0.18 user, 0.01 system, and 1.28 real seconds

   Total number of value changes: 437563.

   Total simulation time: 2.18e-06s.

** WARN:  (VOLTUS_POWR-1784): Existing clock frequency 198.413MHz is being overwritten with 100MHz on clock rooted on net
'clk'
from VCD file. If intent is to calculate static power using original clock frequency, use the command
'set_switching_activity -clock <clock name> -scale_factor <num>' to scale frequency of this clock.

   With this vcd command,  434814 value changes and 2.18e-06 second
simulation time were counted for power consumption calculation.

  Filename (activity)                    : ../vcd/IIR_FILTER_ADV_INN.vcd
  Names in file that matched to design   : 2749/2749
  Annotation coverage for this file      : 2749/2749 = 100%


  Total annotation coverage for all files of type VCD: 2749/2749 = 100%
  Percent of VCD annotated nets with zero toggles: 276/2749 = 10.04%

Begin Processing User Attributes

Ended Processing User Attributes: (cpu=0:00:00, real=0:00:00, mem(process/total)=848.52MB/848.52MB)

Begin Processing Signal Activity


Starting Activity Propagation
2020-Nov-19 00:59:56 (2020-Nov-18 23:59:56 GMT)

Finished Activity Propagation
2020-Nov-19 00:59:58 (2020-Nov-18 23:59:58 GMT)

Activity annotation summary:
        Primary Inputs : 80/80 = 100%
          Flop outputs : 378/378 = 100%
  Memory/Macro outputs : 0/0 = 0%
      Tristate outputs : 0/0 = 0%
            Total Nets : 2749/2749 = 100%

Ended Processing Signal Activity: (cpu=0:00:00, real=0:00:01, mem(process/total)=848.52MB/848.52MB)

Begin Power Computation

      ----------------------------------------------------------
      # of cell(s) missing both power/leakage table: 0
      # of cell(s) missing power table: 0
      # of cell(s) missing leakage table: 0
      # of MSMV cell(s) missing power_level: 0
      ----------------------------------------------------------



Starting Calculating power
2020-Nov-19 00:59:58 (2020-Nov-18 23:59:58 GMT)
 ... Calculating switching power
2020-Nov-19 00:59:58 (2020-Nov-18 23:59:58 GMT): 10%
2020-Nov-19 00:59:58 (2020-Nov-18 23:59:58 GMT): 20%
2020-Nov-19 00:59:58 (2020-Nov-18 23:59:58 GMT): 30%
2020-Nov-19 00:59:58 (2020-Nov-18 23:59:58 GMT): 40%
2020-Nov-19 00:59:59 (2020-Nov-18 23:59:59 GMT): 50%
 ... Calculating internal and leakage power
2020-Nov-19 01:00:00 (2020-Nov-19 00:00:00 GMT): 60%
2020-Nov-19 01:00:01 (2020-Nov-19 00:00:01 GMT): 70%
2020-Nov-19 01:00:03 (2020-Nov-19 00:00:03 GMT): 80%
2020-Nov-19 01:00:05 (2020-Nov-19 00:00:05 GMT): 90%

Finished Calculating power
2020-Nov-19 01:00:08 (2020-Nov-19 00:00:08 GMT)
Ended Power Computation: (cpu=0:00:01, real=0:00:10, mem(process/total)=848.52MB/848.52MB)

Begin Processing User Attributes

Ended Processing User Attributes: (cpu=0:00:00, real=0:00:00, mem(process/total)=848.52MB/848.52MB)

Ended Power Analysis: (cpu=0:00:01, real=0:00:13, mem(process/total)=848.52MB/848.52MB)

Begin Static Power Report Generation
*



Total Power
-----------------------------------------------------------------------------------------
Total Internal Power:        0.68674993 	   57.3231%
Total Switching Power:       0.42318512 	   35.3233%
Total Leakage Power:         0.08809829 	    7.3536%
Total Power:                 1.19803334
-----------------------------------------------------------------------------------------
Ended Static Power Report Generation: (cpu=0:00:00, real=0:00:00,
mem(process/total)=848.52MB/848.52MB)

Begin Creating Binary Database
Ended Creating Binary Database: (cpu=0:00:00, real=0:00:01,
mem(process/total)=848.52MB/848.52MB)

Output file is .//IIR_FILTER_ADV.rpt.
<CMD> report_power -outfile ../power_report_inn_IIR_FILTER_ADV.txt -sort { total }
Begin Static Power Report Generation
*



Total Power
-----------------------------------------------------------------------------------------
Total Internal Power:        0.68674993 	   57.3231%
Total Switching Power:       0.42318512 	   35.3233%
Total Leakage Power:         0.08809829 	    7.3536%
Total Power:                 1.19803334
-----------------------------------------------------------------------------------------
Ended Static Power Report Generation: (cpu=0:00:00, real=0:00:00,
mem(process/total)=848.52MB/848.52MB)


Output file is ../power_report_inn_IIR_FILTER_ADV.txt.

*** Memory Usage v#1 (Current mem = 1073.289M, initial mem = 179.684M) ***
*** Message Summary: 24 warning(s), 0 error(s)

--- Ending "Innovus" (totcpu=0:00:47.7, real=0:08:47, mem=1073.3M) ---
